<?xml version="1.0" encoding="UTF-8"?>
<testsuite name="com.ict.gun.NewGunApplicationTests" tests="1" skipped="0" failures="0" errors="0" timestamp="2023-12-13T00:40:42" hostname="BOOK-LCCUUB9T5H" time="0.546">
  <properties/>
  <testcase name="contextLoads()" classname="com.ict.gun.NewGunApplicationTests" time="0.546"/>
  <system-out><![CDATA[09:40:28.563 [Test worker] INFO org.springframework.test.context.support.AnnotationConfigContextLoaderUtils -- Could not detect default configuration classes for test class [com.ict.gun.NewGunApplicationTests]: NewGunApplicationTests does not declare any static, non-private, non-final, nested classes annotated with @Configuration.
09:40:28.648 [Test worker] INFO org.springframework.boot.test.context.SpringBootTestContextBootstrapper -- Found @SpringBootConfiguration com.ict.gun.NewGunApplication for test class com.ict.gun.NewGunApplicationTests

  .   ____          _            __ _ _
 /\\ / ___'_ __ _ _(_)_ __  __ _ \ \ \ \
( ( )\___ | '_ | '_| | '_ \/ _` | \ \ \ \
 \\/  ___)| |_)| | | | | || (_| |  ) ) ) )
  '  |____| .__|_| |_|_| |_\__, | / / / /
 =========|_|==============|___/=/_/_/_/
 :: Spring Boot ::                (v3.2.0)

2023-12-13T09:40:28.988+09:00  INFO 46908 --- [    Test worker] com.ict.gun.NewGunApplicationTests       : Starting NewGunApplicationTests using Java 17.0.2 with PID 46908 (started by user in E:\gun_workspace\gun)
2023-12-13T09:40:28.989+09:00  INFO 46908 --- [    Test worker] com.ict.gun.NewGunApplicationTests       : No active profile set, falling back to 1 default profile: "default"
2023-12-13T09:40:29.884+09:00  INFO 46908 --- [    Test worker] .s.d.r.c.RepositoryConfigurationDelegate : Multiple Spring Data modules found, entering strict repository configuration mode
2023-12-13T09:40:29.886+09:00  INFO 46908 --- [    Test worker] .s.d.r.c.RepositoryConfigurationDelegate : Bootstrapping Spring Data JPA repositories in DEFAULT mode.
2023-12-13T09:40:30.008+09:00  INFO 46908 --- [    Test worker] .RepositoryConfigurationExtensionSupport : Spring Data JPA - Could not safely identify store assignment for repository candidate interface com.ict.gun.jwt.token.repositry.TokenRedisRepository; If you want this repository to be a JPA repository, consider annotating your entities with one of these annotations: jakarta.persistence.Entity, jakarta.persistence.MappedSuperclass (preferred), or consider extending one of the following types with your repository: org.springframework.data.jpa.repository.JpaRepository
2023-12-13T09:40:30.219+09:00  INFO 46908 --- [    Test worker] .s.d.r.c.RepositoryConfigurationDelegate : Finished Spring Data repository scanning in 326 ms. Found 6 JPA repository interfaces.
2023-12-13T09:40:30.235+09:00  INFO 46908 --- [    Test worker] .s.d.r.c.RepositoryConfigurationDelegate : Multiple Spring Data modules found, entering strict repository configuration mode
2023-12-13T09:40:30.236+09:00  INFO 46908 --- [    Test worker] .s.d.r.c.RepositoryConfigurationDelegate : Bootstrapping Spring Data Redis repositories in DEFAULT mode.
2023-12-13T09:40:30.247+09:00  INFO 46908 --- [    Test worker] .RepositoryConfigurationExtensionSupport : Spring Data Redis - Could not safely identify store assignment for repository candidate interface com.ict.gun.chat.repository.ChatRepository; If you want this repository to be a Redis repository, consider annotating your entities with one of these annotations: org.springframework.data.redis.core.RedisHash (preferred), or consider extending one of the following types with your repository: org.springframework.data.keyvalue.repository.KeyValueRepository
2023-12-13T09:40:30.247+09:00  INFO 46908 --- [    Test worker] .RepositoryConfigurationExtensionSupport : Spring Data Redis - Could not safely identify store assignment for repository candidate interface com.ict.gun.member.repository.MemberOptionRepository; If you want this repository to be a Redis repository, consider annotating your entities with one of these annotations: org.springframework.data.redis.core.RedisHash (preferred), or consider extending one of the following types with your repository: org.springframework.data.keyvalue.repository.KeyValueRepository
2023-12-13T09:40:30.248+09:00  INFO 46908 --- [    Test worker] .RepositoryConfigurationExtensionSupport : Spring Data Redis - Could not safely identify store assignment for repository candidate interface com.ict.gun.member.repository.MemberRepository; If you want this repository to be a Redis repository, consider annotating your entities with one of these annotations: org.springframework.data.redis.core.RedisHash (preferred), or consider extending one of the following types with your repository: org.springframework.data.keyvalue.repository.KeyValueRepository
2023-12-13T09:40:30.248+09:00  INFO 46908 --- [    Test worker] .RepositoryConfigurationExtensionSupport : Spring Data Redis - Could not safely identify store assignment for repository candidate interface com.ict.gun.ref.data.repository.RefExRepository; If you want this repository to be a Redis repository, consider annotating your entities with one of these annotations: org.springframework.data.redis.core.RedisHash (preferred), or consider extending one of the following types with your repository: org.springframework.data.keyvalue.repository.KeyValueRepository
2023-12-13T09:40:30.248+09:00  INFO 46908 --- [    Test worker] .RepositoryConfigurationExtensionSupport : Spring Data Redis - Could not safely identify store assignment for repository candidate interface com.ict.gun.ref.data.repository.RefPhotoRepository; If you want this repository to be a Redis repository, consider annotating your entities with one of these annotations: org.springframework.data.redis.core.RedisHash (preferred), or consider extending one of the following types with your repository: org.springframework.data.keyvalue.repository.KeyValueRepository
2023-12-13T09:40:30.248+09:00  INFO 46908 --- [    Test worker] .RepositoryConfigurationExtensionSupport : Spring Data Redis - Could not safely identify store assignment for repository candidate interface com.ict.gun.ref.data.repository.RefRepository; If you want this repository to be a Redis repository, consider annotating your entities with one of these annotations: org.springframework.data.redis.core.RedisHash (preferred), or consider extending one of the following types with your repository: org.springframework.data.keyvalue.repository.KeyValueRepository
2023-12-13T09:40:30.255+09:00  INFO 46908 --- [    Test worker] .s.d.r.c.RepositoryConfigurationDelegate : Finished Spring Data repository scanning in 11 ms. Found 1 Redis repository interface.
2023-12-13T09:40:30.798+09:00  INFO 46908 --- [    Test worker] o.hibernate.jpa.internal.util.LogHelper  : HHH000204: Processing PersistenceUnitInfo [name: default]
2023-12-13T09:40:30.838+09:00  INFO 46908 --- [    Test worker] org.hibernate.Version                    : HHH000412: Hibernate ORM core version 6.3.1.Final
2023-12-13T09:40:30.862+09:00  INFO 46908 --- [    Test worker] o.h.c.internal.RegionFactoryInitiator    : HHH000026: Second-level cache disabled
2023-12-13T09:40:31.029+09:00  INFO 46908 --- [    Test worker] o.s.o.j.p.SpringPersistenceUnitInfo      : No LoadTimeWeaver setup: ignoring JPA class transformer
2023-12-13T09:40:31.051+09:00  INFO 46908 --- [    Test worker] com.zaxxer.hikari.HikariDataSource       : HikariPool-1 - Starting...
2023-12-13T09:40:31.479+09:00  INFO 46908 --- [    Test worker] com.zaxxer.hikari.pool.HikariPool        : HikariPool-1 - Added connection oracle.jdbc.driver.T4CConnection@48aaaed9
2023-12-13T09:40:31.481+09:00  INFO 46908 --- [    Test worker] com.zaxxer.hikari.HikariDataSource       : HikariPool-1 - Start completed.
2023-12-13T09:40:31.499+09:00  WARN 46908 --- [    Test worker] org.hibernate.orm.deprecation            : HHH90000025: Oracle12cDialect does not need to be specified explicitly using 'hibernate.dialect' (remove the property setting and it will be selected by default)
2023-12-13T09:40:31.499+09:00  WARN 46908 --- [    Test worker] org.hibernate.orm.deprecation            : HHH90000026: Oracle12cDialect has been deprecated; use org.hibernate.dialect.OracleDialect instead
2023-12-13T09:40:32.248+09:00  INFO 46908 --- [    Test worker] o.h.e.t.j.p.i.JtaPlatformInitiator       : HHH000489: No JTA platform available (set 'hibernate.transaction.jta.platform' to enable JTA platform integration)
2023-12-13T09:40:35.532+09:00  INFO 46908 --- [    Test worker] j.LocalContainerEntityManagerFactoryBean : Initialized JPA EntityManagerFactory for persistence unit 'default'
2023-12-13T09:40:35.695+09:00  INFO 46908 --- [    Test worker] o.s.d.j.r.query.QueryEnhancerFactory     : Hibernate is in classpath; If applicable, HQL parser will be used.
2023-12-13T09:40:36.448+09:00  WARN 46908 --- [    Test worker] JpaBaseConfiguration$JpaWebConfiguration : spring.jpa.open-in-view is enabled by default. Therefore, database queries may be performed during view rendering. Explicitly configure spring.jpa.open-in-view to disable this warning
2023-12-13T09:40:37.822+09:00  INFO 46908 --- [    Test worker] o.s.s.web.DefaultSecurityFilterChain     : Will secure any request with [org.springframework.security.web.session.DisableEncodeUrlFilter@7352cf80, org.springframework.security.web.context.request.async.WebAsyncManagerIntegrationFilter@64a27d27, org.springframework.security.web.context.SecurityContextHolderFilter@d158cbe, org.springframework.security.web.header.HeaderWriterFilter@683d4662, org.springframework.web.filter.CorsFilter@4f407424, org.springframework.security.web.authentication.logout.LogoutFilter@53964b0e, com.ict.gun.jwt.filter.JwtTokenFilter@6e9065e2, org.springframework.security.web.savedrequest.RequestCacheAwareFilter@5e5df559, org.springframework.security.web.servletapi.SecurityContextHolderAwareRequestFilter@7481775c, org.springframework.security.web.authentication.AnonymousAuthenticationFilter@bdb997f, org.springframework.security.web.session.SessionManagementFilter@63e148cb, org.springframework.security.web.access.ExceptionTranslationFilter@487e4b06, org.springframework.security.web.access.intercept.FilterSecurityInterceptor@64a16a10]
2023-12-13T09:40:41.406+09:00  INFO 46908 --- [    Test worker] o.s.b.a.h2.H2ConsoleAutoConfiguration    : H2 console available at '/h2'. Database available at 'jdbc:oracle:thin:@192.168.0.131:1521:XE'
2023-12-13T09:40:41.947+09:00  INFO 46908 --- [    Test worker] com.ict.gun.NewGunApplicationTests       : Started NewGunApplicationTests in 13.176 seconds (process running for 14.205)
]]></system-out>
  <system-err><![CDATA[]]></system-err>
</testsuite>
