<?xml version="1.0" encoding="UTF-8"?>
<testsuite name="com.ict.gun.RedisRepositoryTest" tests="1" skipped="0" failures="0" errors="0" timestamp="2023-12-14T07:42:18" hostname="BOOK-LCCUUB9T5H" time="0.316">
  <properties/>
  <testcase name="test()" classname="com.ict.gun.RedisRepositoryTest" time="0.316"/>
  <system-out><![CDATA[2023-12-14T16:42:18.893+09:00  INFO 28232 --- [    Test worker] t.c.s.AnnotationConfigContextLoaderUtils : Could not detect default configuration classes for test class [com.ict.gun.RedisRepositoryTest]: RedisRepositoryTest does not declare any static, non-private, non-final, nested classes annotated with @Configuration.
2023-12-14T16:42:18.895+09:00  INFO 28232 --- [    Test worker] .b.t.c.SpringBootTestContextBootstrapper : Found @SpringBootConfiguration com.ict.gun.NewGunApplication for test class com.ict.gun.RedisRepositoryTest
]]></system-out>
  <system-err><![CDATA[]]></system-err>
</testsuite>
