<?xml version="1.0" encoding="UTF-8"?>
<testsuite name="com.ict.gun.NewGunApplicationTests" tests="1" skipped="0" failures="0" errors="0" timestamp="2023-12-14T07:42:18" hostname="BOOK-LCCUUB9T5H" time="0.403">
  <properties/>
  <testcase name="contextLoads()" classname="com.ict.gun.NewGunApplicationTests" time="0.403"/>
  <system-out><![CDATA[16:42:09.615 [Test worker] INFO org.springframework.test.context.support.AnnotationConfigContextLoaderUtils -- Could not detect default configuration classes for test class [com.ict.gun.NewGunApplicationTests]: NewGunApplicationTests does not declare any static, non-private, non-final, nested classes annotated with @Configuration.
16:42:09.696 [Test worker] INFO org.springframework.boot.test.context.SpringBootTestContextBootstrapper -- Found @SpringBootConfiguration com.ict.gun.NewGunApplication for test class com.ict.gun.NewGunApplicationTests

  .   ____          _            __ _ _
 /\\ / ___'_ __ _ _(_)_ __  __ _ \ \ \ \
( ( )\___ | '_ | '_| | '_ \/ _` | \ \ \ \
 \\/  ___)| |_)| | | | | || (_| |  ) ) ) )
  '  |____| .__|_| |_|_| |_\__, | / / / /
 =========|_|==============|___/=/_/_/_/
 :: Spring Boot ::                (v3.2.0)

2023-12-14T16:42:10.003+09:00  INFO 28232 --- [    Test worker] com.ict.gun.NewGunApplicationTests       : Starting NewGunApplicationTests using Java 17.0.2 with PID 28232 (started by user in E:\gun_workspace\gun)
2023-12-14T16:42:10.004+09:00  INFO 28232 --- [    Test worker] com.ict.gun.NewGunApplicationTests       : No active profile set, falling back to 1 default profile: "default"
2023-12-14T16:42:10.812+09:00  INFO 28232 --- [    Test worker] .s.d.r.c.RepositoryConfigurationDelegate : Multiple Spring Data modules found, entering strict repository configuration mode
2023-12-14T16:42:10.814+09:00  INFO 28232 --- [    Test worker] .s.d.r.c.RepositoryConfigurationDelegate : Bootstrapping Spring Data JPA repositories in DEFAULT mode.
2023-12-14T16:42:10.918+09:00  INFO 28232 --- [    Test worker] .RepositoryConfigurationExtensionSupport : Spring Data JPA - Could not safely identify store assignment for repository candidate interface com.ict.gun.jwt.token.repositry.TokenRedisRepository; If you want this repository to be a JPA repository, consider annotating your entities with one of these annotations: jakarta.persistence.Entity, jakarta.persistence.MappedSuperclass (preferred), or consider extending one of the following types with your repository: org.springframework.data.jpa.repository.JpaRepository
2023-12-14T16:42:10.946+09:00  INFO 28232 --- [    Test worker] .s.d.r.c.RepositoryConfigurationDelegate : Finished Spring Data repository scanning in 126 ms. Found 6 JPA repository interfaces.
2023-12-14T16:42:10.960+09:00  INFO 28232 --- [    Test worker] .s.d.r.c.RepositoryConfigurationDelegate : Multiple Spring Data modules found, entering strict repository configuration mode
2023-12-14T16:42:10.961+09:00  INFO 28232 --- [    Test worker] .s.d.r.c.RepositoryConfigurationDelegate : Bootstrapping Spring Data Redis repositories in DEFAULT mode.
2023-12-14T16:42:10.973+09:00  INFO 28232 --- [    Test worker] .RepositoryConfigurationExtensionSupport : Spring Data Redis - Could not safely identify store assignment for repository candidate interface com.ict.gun.chat.repository.ChatRepository; If you want this repository to be a Redis repository, consider annotating your entities with one of these annotations: org.springframework.data.redis.core.RedisHash (preferred), or consider extending one of the following types with your repository: org.springframework.data.keyvalue.repository.KeyValueRepository
2023-12-14T16:42:10.974+09:00  INFO 28232 --- [    Test worker] .RepositoryConfigurationExtensionSupport : Spring Data Redis - Could not safely identify store assignment for repository candidate interface com.ict.gun.member.repository.MemberOptionRepository; If you want this repository to be a Redis repository, consider annotating your entities with one of these annotations: org.springframework.data.redis.core.RedisHash (preferred), or consider extending one of the following types with your repository: org.springframework.data.keyvalue.repository.KeyValueRepository
2023-12-14T16:42:10.975+09:00  INFO 28232 --- [    Test worker] .RepositoryConfigurationExtensionSupport : Spring Data Redis - Could not safely identify store assignment for repository candidate interface com.ict.gun.member.repository.MemberRepository; If you want this repository to be a Redis repository, consider annotating your entities with one of these annotations: org.springframework.data.redis.core.RedisHash (preferred), or consider extending one of the following types with your repository: org.springframework.data.keyvalue.repository.KeyValueRepository
2023-12-14T16:42:10.975+09:00  INFO 28232 --- [    Test worker] .RepositoryConfigurationExtensionSupport : Spring Data Redis - Could not safely identify store assignment for repository candidate interface com.ict.gun.ref.data.repository.RefExRepository; If you want this repository to be a Redis repository, consider annotating your entities with one of these annotations: org.springframework.data.redis.core.RedisHash (preferred), or consider extending one of the following types with your repository: org.springframework.data.keyvalue.repository.KeyValueRepository
2023-12-14T16:42:10.975+09:00  INFO 28232 --- [    Test worker] .RepositoryConfigurationExtensionSupport : Spring Data Redis - Could not safely identify store assignment for repository candidate interface com.ict.gun.ref.data.repository.RefPhotoRepository; If you want this repository to be a Redis repository, consider annotating your entities with one of these annotations: org.springframework.data.redis.core.RedisHash (preferred), or consider extending one of the following types with your repository: org.springframework.data.keyvalue.repository.KeyValueRepository
2023-12-14T16:42:10.975+09:00  INFO 28232 --- [    Test worker] .RepositoryConfigurationExtensionSupport : Spring Data Redis - Could not safely identify store assignment for repository candidate interface com.ict.gun.ref.data.repository.RefRepository; If you want this repository to be a Redis repository, consider annotating your entities with one of these annotations: org.springframework.data.redis.core.RedisHash (preferred), or consider extending one of the following types with your repository: org.springframework.data.keyvalue.repository.KeyValueRepository
2023-12-14T16:42:10.980+09:00  INFO 28232 --- [    Test worker] .s.d.r.c.RepositoryConfigurationDelegate : Finished Spring Data repository scanning in 11 ms. Found 1 Redis repository interface.
2023-12-14T16:42:11.520+09:00  INFO 28232 --- [    Test worker] o.hibernate.jpa.internal.util.LogHelper  : HHH000204: Processing PersistenceUnitInfo [name: default]
2023-12-14T16:42:11.579+09:00  INFO 28232 --- [    Test worker] org.hibernate.Version                    : HHH000412: Hibernate ORM core version 6.3.1.Final
2023-12-14T16:42:11.610+09:00  INFO 28232 --- [    Test worker] o.h.c.internal.RegionFactoryInitiator    : HHH000026: Second-level cache disabled
2023-12-14T16:42:11.766+09:00  INFO 28232 --- [    Test worker] o.s.o.j.p.SpringPersistenceUnitInfo      : No LoadTimeWeaver setup: ignoring JPA class transformer
2023-12-14T16:42:11.788+09:00  INFO 28232 --- [    Test worker] com.zaxxer.hikari.HikariDataSource       : HikariPool-1 - Starting...
2023-12-14T16:42:12.082+09:00  INFO 28232 --- [    Test worker] com.zaxxer.hikari.pool.HikariPool        : HikariPool-1 - Added connection oracle.jdbc.driver.T4CConnection@328e50eb
2023-12-14T16:42:12.083+09:00  INFO 28232 --- [    Test worker] com.zaxxer.hikari.HikariDataSource       : HikariPool-1 - Start completed.
2023-12-14T16:42:12.098+09:00  WARN 28232 --- [    Test worker] org.hibernate.orm.deprecation            : HHH90000025: Oracle12cDialect does not need to be specified explicitly using 'hibernate.dialect' (remove the property setting and it will be selected by default)
2023-12-14T16:42:12.099+09:00  WARN 28232 --- [    Test worker] org.hibernate.orm.deprecation            : HHH90000026: Oracle12cDialect has been deprecated; use org.hibernate.dialect.OracleDialect instead
2023-12-14T16:42:12.889+09:00  INFO 28232 --- [    Test worker] o.h.e.t.j.p.i.JtaPlatformInitiator       : HHH000489: No JTA platform available (set 'hibernate.transaction.jta.platform' to enable JTA platform integration)
2023-12-14T16:42:15.962+09:00  INFO 28232 --- [    Test worker] j.LocalContainerEntityManagerFactoryBean : Initialized JPA EntityManagerFactory for persistence unit 'default'
2023-12-14T16:42:16.121+09:00  INFO 28232 --- [    Test worker] o.s.d.j.r.query.QueryEnhancerFactory     : Hibernate is in classpath; If applicable, HQL parser will be used.
2023-12-14T16:42:16.896+09:00  WARN 28232 --- [    Test worker] JpaBaseConfiguration$JpaWebConfiguration : spring.jpa.open-in-view is enabled by default. Therefore, database queries may be performed during view rendering. Explicitly configure spring.jpa.open-in-view to disable this warning
2023-12-14T16:42:16.975+09:00  INFO 28232 --- [    Test worker] o.s.b.a.w.s.WelcomePageHandlerMapping    : Adding welcome page: class path resource [static/index.html]
2023-12-14T16:42:18.178+09:00  INFO 28232 --- [    Test worker] o.s.s.web.DefaultSecurityFilterChain     : Will secure any request with [org.springframework.security.web.session.DisableEncodeUrlFilter@5a0ec54c, org.springframework.security.web.context.request.async.WebAsyncManagerIntegrationFilter@486d9e4e, org.springframework.security.web.context.SecurityContextHolderFilter@41e5450f, org.springframework.security.web.header.HeaderWriterFilter@125dcfe1, org.springframework.web.filter.CorsFilter@702e8e67, org.springframework.security.web.authentication.logout.LogoutFilter@3f4e090c, com.ict.gun.jwt.filter.JwtTokenFilter@308f13dc, org.springframework.security.web.savedrequest.RequestCacheAwareFilter@6a6e6278, org.springframework.security.web.servletapi.SecurityContextHolderAwareRequestFilter@296eda6c, org.springframework.security.web.authentication.AnonymousAuthenticationFilter@1c078424, org.springframework.security.web.session.SessionManagementFilter@70ccf921, org.springframework.security.web.access.ExceptionTranslationFilter@3cc9957d, org.springframework.security.web.access.intercept.FilterSecurityInterceptor@adf9ab9]
2023-12-14T16:42:18.434+09:00  INFO 28232 --- [    Test worker] o.s.b.a.h2.H2ConsoleAutoConfiguration    : H2 console available at '/h2'. Database available at 'jdbc:oracle:thin:@192.168.0.131:1521:XE'
2023-12-14T16:42:18.474+09:00  INFO 28232 --- [    Test worker] com.ict.gun.NewGunApplicationTests       : Started NewGunApplicationTests in 8.663 seconds (process running for 9.654)
]]></system-out>
  <system-err><![CDATA[]]></system-err>
</testsuite>
