<?xml version="1.0" encoding="UTF-8"?>
<testsuite name="com.ict.gun.NewGunApplicationTests" tests="1" skipped="0" failures="0" errors="0" timestamp="2023-12-07T11:44:41" hostname="BOOK-LCCUUB9T5H" time="0.379">
  <properties/>
  <testcase name="contextLoads()" classname="com.ict.gun.NewGunApplicationTests" time="0.379"/>
  <system-out><![CDATA[20:44:31.380 [Test worker] INFO org.springframework.test.context.support.AnnotationConfigContextLoaderUtils -- Could not detect default configuration classes for test class [com.ict.gun.NewGunApplicationTests]: NewGunApplicationTests does not declare any static, non-private, non-final, nested classes annotated with @Configuration.
20:44:31.456 [Test worker] INFO org.springframework.boot.test.context.SpringBootTestContextBootstrapper -- Found @SpringBootConfiguration com.ict.gun.NewGunApplication for test class com.ict.gun.NewGunApplicationTests

  .   ____          _            __ _ _
 /\\ / ___'_ __ _ _(_)_ __  __ _ \ \ \ \
( ( )\___ | '_ | '_| | '_ \/ _` | \ \ \ \
 \\/  ___)| |_)| | | | | || (_| |  ) ) ) )
  '  |____| .__|_| |_|_| |_\__, | / / / /
 =========|_|==============|___/=/_/_/_/
 :: Spring Boot ::                (v3.2.0)

2023-12-07T20:44:31.791+09:00  INFO 41324 --- [    Test worker] com.ict.gun.NewGunApplicationTests       : Starting NewGunApplicationTests using Java 17.0.2 with PID 41324 (started by user in E:\gun_workspace\gun)
2023-12-07T20:44:31.792+09:00  INFO 41324 --- [    Test worker] com.ict.gun.NewGunApplicationTests       : No active profile set, falling back to 1 default profile: "default"
2023-12-07T20:44:32.545+09:00  INFO 41324 --- [    Test worker] .s.d.r.c.RepositoryConfigurationDelegate : Bootstrapping Spring Data JPA repositories in DEFAULT mode.
2023-12-07T20:44:32.620+09:00  INFO 41324 --- [    Test worker] .s.d.r.c.RepositoryConfigurationDelegate : Finished Spring Data repository scanning in 68 ms. Found 6 JPA repository interfaces.
2023-12-07T20:44:33.141+09:00  INFO 41324 --- [    Test worker] o.hibernate.jpa.internal.util.LogHelper  : HHH000204: Processing PersistenceUnitInfo [name: default]
2023-12-07T20:44:33.179+09:00  INFO 41324 --- [    Test worker] org.hibernate.Version                    : HHH000412: Hibernate ORM core version 6.3.1.Final
2023-12-07T20:44:33.203+09:00  INFO 41324 --- [    Test worker] o.h.c.internal.RegionFactoryInitiator    : HHH000026: Second-level cache disabled
2023-12-07T20:44:33.357+09:00  INFO 41324 --- [    Test worker] o.s.o.j.p.SpringPersistenceUnitInfo      : No LoadTimeWeaver setup: ignoring JPA class transformer
2023-12-07T20:44:33.373+09:00  INFO 41324 --- [    Test worker] com.zaxxer.hikari.HikariDataSource       : HikariPool-1 - Starting...
2023-12-07T20:44:33.696+09:00  INFO 41324 --- [    Test worker] com.zaxxer.hikari.pool.HikariPool        : HikariPool-1 - Added connection oracle.jdbc.driver.T4CConnection@b842275
2023-12-07T20:44:33.697+09:00  INFO 41324 --- [    Test worker] com.zaxxer.hikari.HikariDataSource       : HikariPool-1 - Start completed.
2023-12-07T20:44:33.712+09:00  WARN 41324 --- [    Test worker] org.hibernate.orm.deprecation            : HHH90000025: Oracle12cDialect does not need to be specified explicitly using 'hibernate.dialect' (remove the property setting and it will be selected by default)
2023-12-07T20:44:33.713+09:00  WARN 41324 --- [    Test worker] org.hibernate.orm.deprecation            : HHH90000026: Oracle12cDialect has been deprecated; use org.hibernate.dialect.OracleDialect instead
2023-12-07T20:44:34.427+09:00  INFO 41324 --- [    Test worker] o.h.e.t.j.p.i.JtaPlatformInitiator       : HHH000489: No JTA platform available (set 'hibernate.transaction.jta.platform' to enable JTA platform integration)
2023-12-07T20:44:37.868+09:00  INFO 41324 --- [    Test worker] j.LocalContainerEntityManagerFactoryBean : Initialized JPA EntityManagerFactory for persistence unit 'default'
2023-12-07T20:44:38.083+09:00  INFO 41324 --- [    Test worker] o.s.d.j.r.query.QueryEnhancerFactory     : Hibernate is in classpath; If applicable, HQL parser will be used.
2023-12-07T20:44:39.067+09:00  WARN 41324 --- [    Test worker] JpaBaseConfiguration$JpaWebConfiguration : spring.jpa.open-in-view is enabled by default. Therefore, database queries may be performed during view rendering. Explicitly configure spring.jpa.open-in-view to disable this warning
2023-12-07T20:44:40.618+09:00  INFO 41324 --- [    Test worker] o.s.s.web.DefaultSecurityFilterChain     : Will secure any request with [org.springframework.security.web.session.DisableEncodeUrlFilter@4bbc9862, org.springframework.security.web.context.request.async.WebAsyncManagerIntegrationFilter@65f809cb, org.springframework.security.web.context.SecurityContextHolderFilter@3e17219, org.springframework.security.web.header.HeaderWriterFilter@2af781f3, org.springframework.web.filter.CorsFilter@7fec198a, org.springframework.security.web.authentication.logout.LogoutFilter@594ea722, com.ict.gun.config.JwtAuthenticationFilter@4057babc, org.springframework.security.web.savedrequest.RequestCacheAwareFilter@54fb9c08, org.springframework.security.web.servletapi.SecurityContextHolderAwareRequestFilter@8941d98, org.springframework.security.web.authentication.AnonymousAuthenticationFilter@8cc1bac, org.springframework.security.web.session.SessionManagementFilter@689afbb0, org.springframework.security.web.access.ExceptionTranslationFilter@7cb8109, org.springframework.security.web.access.intercept.FilterSecurityInterceptor@6b29771f]
2023-12-07T20:44:41.265+09:00  INFO 41324 --- [    Test worker] o.s.b.a.h2.H2ConsoleAutoConfiguration    : H2 console available at '/h2'. Database available at 'jdbc:oracle:thin:@192.168.0.131:1521:XE'
2023-12-07T20:44:41.323+09:00  INFO 41324 --- [    Test worker] com.ict.gun.NewGunApplicationTests       : Started NewGunApplicationTests in 9.754 seconds (process running for 10.65)
]]></system-out>
  <system-err><![CDATA[]]></system-err>
</testsuite>
