<?xml version="1.0" encoding="UTF-8"?>
<testsuite name="com.ict.gun.NewGunApplicationTests" tests="1" skipped="0" failures="0" errors="0" timestamp="2023-12-06T05:25:13" hostname="BOOK-LCCUUB9T5H" time="0.346">
  <properties/>
  <testcase name="contextLoads()" classname="com.ict.gun.NewGunApplicationTests" time="0.346"/>
  <system-out><![CDATA[14:25:05.423 [Test worker] INFO org.springframework.test.context.support.AnnotationConfigContextLoaderUtils -- Could not detect default configuration classes for test class [com.ict.gun.NewGunApplicationTests]: NewGunApplicationTests does not declare any static, non-private, non-final, nested classes annotated with @Configuration.
14:25:05.498 [Test worker] INFO org.springframework.boot.test.context.SpringBootTestContextBootstrapper -- Found @SpringBootConfiguration com.ict.gun.NewGunApplication for test class com.ict.gun.NewGunApplicationTests

  .   ____          _            __ _ _
 /\\ / ___'_ __ _ _(_)_ __  __ _ \ \ \ \
( ( )\___ | '_ | '_| | '_ \/ _` | \ \ \ \
 \\/  ___)| |_)| | | | | || (_| |  ) ) ) )
  '  |____| .__|_| |_|_| |_\__, | / / / /
 =========|_|==============|___/=/_/_/_/
 :: Spring Boot ::                (v3.2.0)

2023-12-06T14:25:05.741+09:00  INFO 32532 --- [    Test worker] com.ict.gun.NewGunApplicationTests       : Starting NewGunApplicationTests using Java 17.0.2 with PID 32532 (started by user in E:\gun_workspace\new_gun)
2023-12-06T14:25:05.742+09:00  INFO 32532 --- [    Test worker] com.ict.gun.NewGunApplicationTests       : No active profile set, falling back to 1 default profile: "default"
2023-12-06T14:25:06.295+09:00  INFO 32532 --- [    Test worker] .s.d.r.c.RepositoryConfigurationDelegate : Bootstrapping Spring Data JPA repositories in DEFAULT mode.
2023-12-06T14:25:06.370+09:00  INFO 32532 --- [    Test worker] .s.d.r.c.RepositoryConfigurationDelegate : Finished Spring Data repository scanning in 65 ms. Found 1 JPA repository interface.
2023-12-06T14:25:06.842+09:00  INFO 32532 --- [    Test worker] o.hibernate.jpa.internal.util.LogHelper  : HHH000204: Processing PersistenceUnitInfo [name: default]
2023-12-06T14:25:06.889+09:00  INFO 32532 --- [    Test worker] org.hibernate.Version                    : HHH000412: Hibernate ORM core version 6.3.1.Final
2023-12-06T14:25:06.922+09:00  INFO 32532 --- [    Test worker] o.h.c.internal.RegionFactoryInitiator    : HHH000026: Second-level cache disabled
2023-12-06T14:25:07.102+09:00  INFO 32532 --- [    Test worker] o.s.o.j.p.SpringPersistenceUnitInfo      : No LoadTimeWeaver setup: ignoring JPA class transformer
2023-12-06T14:25:07.121+09:00  INFO 32532 --- [    Test worker] com.zaxxer.hikari.HikariDataSource       : HikariPool-1 - Starting...
2023-12-06T14:25:07.411+09:00  INFO 32532 --- [    Test worker] com.zaxxer.hikari.pool.HikariPool        : HikariPool-1 - Added connection oracle.jdbc.driver.T4CConnection@173a5fad
2023-12-06T14:25:07.413+09:00  INFO 32532 --- [    Test worker] com.zaxxer.hikari.HikariDataSource       : HikariPool-1 - Start completed.
2023-12-06T14:25:07.428+09:00  WARN 32532 --- [    Test worker] org.hibernate.orm.deprecation            : HHH90000025: Oracle12cDialect does not need to be specified explicitly using 'hibernate.dialect' (remove the property setting and it will be selected by default)
2023-12-06T14:25:07.429+09:00  WARN 32532 --- [    Test worker] org.hibernate.orm.deprecation            : HHH90000026: Oracle12cDialect has been deprecated; use org.hibernate.dialect.OracleDialect instead
2023-12-06T14:25:08.063+09:00  INFO 32532 --- [    Test worker] o.h.e.t.j.p.i.JtaPlatformInitiator       : HHH000489: No JTA platform available (set 'hibernate.transaction.jta.platform' to enable JTA platform integration)
2023-12-06T14:25:11.737+09:00  INFO 32532 --- [    Test worker] j.LocalContainerEntityManagerFactoryBean : Initialized JPA EntityManagerFactory for persistence unit 'default'
2023-12-06T14:25:12.189+09:00  WARN 32532 --- [    Test worker] JpaBaseConfiguration$JpaWebConfiguration : spring.jpa.open-in-view is enabled by default. Therefore, database queries may be performed during view rendering. Explicitly configure spring.jpa.open-in-view to disable this warning
2023-12-06T14:25:13.553+09:00  WARN 32532 --- [    Test worker] .s.s.UserDetailsServiceAutoConfiguration : 

Using generated security password: 7a6f5411-8be3-482d-bdb4-9fb40f424bbe

This generated password is for development use only. Your security configuration must be updated before running your application in production.

2023-12-06T14:25:13.631+09:00  INFO 32532 --- [    Test worker] o.s.s.web.DefaultSecurityFilterChain     : Will secure any request with [org.springframework.security.web.session.DisableEncodeUrlFilter@119cd026, org.springframework.security.web.context.request.async.WebAsyncManagerIntegrationFilter@65448932, org.springframework.security.web.context.SecurityContextHolderFilter@6f2f4b9e, org.springframework.security.web.header.HeaderWriterFilter@9a932a4, org.springframework.web.filter.CorsFilter@731a5a39, org.springframework.security.web.csrf.CsrfFilter@45dbbb97, org.springframework.security.web.authentication.logout.LogoutFilter@140449d9, org.springframework.security.web.authentication.UsernamePasswordAuthenticationFilter@34c3e307, org.springframework.security.web.authentication.ui.DefaultLoginPageGeneratingFilter@406cf37f, org.springframework.security.web.authentication.ui.DefaultLogoutPageGeneratingFilter@1acd952e, org.springframework.security.web.authentication.www.BasicAuthenticationFilter@47166740, org.springframework.security.web.savedrequest.RequestCacheAwareFilter@3695e4f2, org.springframework.security.web.servletapi.SecurityContextHolderAwareRequestFilter@5bdfae42, org.springframework.security.web.authentication.AnonymousAuthenticationFilter@6da76bb1, org.springframework.security.web.access.ExceptionTranslationFilter@74307afd, org.springframework.security.web.access.intercept.AuthorizationFilter@4973fb7d]
2023-12-06T14:25:13.668+09:00  INFO 32532 --- [    Test worker] com.ict.gun.NewGunApplicationTests       : Started NewGunApplicationTests in 8.072 seconds (process running for 8.894)
]]></system-out>
  <system-err><![CDATA[]]></system-err>
</testsuite>
